[INFO  - 2017-04-13T19:49:48.709Z] GhostDriver - Main - running on port 28765
[INFO  - 2017-04-13T19:49:49.030Z] Session [5a41f9c0-2082-11e7-9588-0d5c8bfbedab] - page.settings - {"XSSAuditingEnabled":false,"javascriptCanCloseWindows":true,"javascriptCanOpenWindows":true,"javascriptEnabled":true,"loadImages":true,"localToRemoteUrlAccessEnabled":false,"userAgent":"Mozilla/5.0 (Unknown; Linux x86_64) AppleWebKit/538.1 (KHTML, like Gecko) PhantomJS/2.1.1 Safari/538.1","webSecurityEnabled":true}
[INFO  - 2017-04-13T19:49:49.030Z] Session [5a41f9c0-2082-11e7-9588-0d5c8bfbedab] - page.customHeaders:  - {}
[INFO  - 2017-04-13T19:49:49.035Z] Session [5a41f9c0-2082-11e7-9588-0d5c8bfbedab] - Session.negotiatedCapabilities - {"browserName":"phantomjs","version":"2.1.1","driverName":"ghostdriver","driverVersion":"1.2.0","platform":"linux-unknown-64bit","javascriptEnabled":true,"takesScreenshot":true,"handlesAlerts":false,"databaseEnabled":false,"locationContextEnabled":false,"applicationCacheEnabled":false,"browserConnectionEnabled":false,"cssSelectorsEnabled":true,"webStorageEnabled":false,"rotatable":false,"acceptSslCerts":false,"nativeEvents":true,"proxy":{"proxyType":"direct"}}
[INFO  - 2017-04-13T19:49:49.035Z] SessionManagerReqHand - _postNewSessionCommand - New Session Created: 5a41f9c0-2082-11e7-9588-0d5c8bfbedab
[ERROR - 2017-04-13T19:50:03.886Z] WebElementLocator - _handleLocateCommand - Element(s) NOT Found: GAVE UP. Search Stop Time: 1492113003862
[INFO  - 2017-04-13T19:54:48.708Z] SessionManagerReqHand - _cleanupWindowlessSessions - Asynchronous Sessions clean-up phase starting NOW
[INFO  - 2017-04-13T19:59:48.708Z] SessionManagerReqHand - _cleanupWindowlessSessions - Asynchronous Sessions clean-up phase starting NOW
[INFO  - 2017-04-13T20:01:20.046Z] GhostDriver - Main - running on port 1928
[INFO  - 2017-04-13T20:01:20.296Z] Session [f6498f30-2083-11e7-9a14-6f3b1bf904b1] - page.settings - {"XSSAuditingEnabled":false,"javascriptCanCloseWindows":true,"javascriptCanOpenWindows":true,"javascriptEnabled":true,"loadImages":true,"localToRemoteUrlAccessEnabled":false,"userAgent":"Mozilla/5.0 (Unknown; Linux x86_64) AppleWebKit/538.1 (KHTML, like Gecko) PhantomJS/2.1.1 Safari/538.1","webSecurityEnabled":true}
[INFO  - 2017-04-13T20:01:20.296Z] Session [f6498f30-2083-11e7-9a14-6f3b1bf904b1] - page.customHeaders:  - {}
[INFO  - 2017-04-13T20:01:20.296Z] Session [f6498f30-2083-11e7-9a14-6f3b1bf904b1] - Session.negotiatedCapabilities - {"browserName":"phantomjs","version":"2.1.1","driverName":"ghostdriver","driverVersion":"1.2.0","platform":"linux-unknown-64bit","javascriptEnabled":true,"takesScreenshot":true,"handlesAlerts":false,"databaseEnabled":false,"locationContextEnabled":false,"applicationCacheEnabled":false,"browserConnectionEnabled":false,"cssSelectorsEnabled":true,"webStorageEnabled":false,"rotatable":false,"acceptSslCerts":false,"nativeEvents":true,"proxy":{"proxyType":"direct"}}
[INFO  - 2017-04-13T20:01:20.297Z] SessionManagerReqHand - _postNewSessionCommand - New Session Created: f6498f30-2083-11e7-9a14-6f3b1bf904b1
[INFO  - 2017-04-13T20:03:46.493Z] GhostDriver - Main - running on port 10604
[INFO  - 2017-04-13T20:03:46.764Z] Session [4d96cd70-2084-11e7-8025-2555322c1c7d] - page.settings - {"XSSAuditingEnabled":false,"javascriptCanCloseWindows":true,"javascriptCanOpenWindows":true,"javascriptEnabled":true,"loadImages":true,"localToRemoteUrlAccessEnabled":false,"userAgent":"Mozilla/5.0 (Unknown; Linux x86_64) AppleWebKit/538.1 (KHTML, like Gecko) PhantomJS/2.1.1 Safari/538.1","webSecurityEnabled":true}
[INFO  - 2017-04-13T20:03:46.764Z] Session [4d96cd70-2084-11e7-8025-2555322c1c7d] - page.customHeaders:  - {}
[INFO  - 2017-04-13T20:03:46.764Z] Session [4d96cd70-2084-11e7-8025-2555322c1c7d] - Session.negotiatedCapabilities - {"browserName":"phantomjs","version":"2.1.1","driverName":"ghostdriver","driverVersion":"1.2.0","platform":"linux-unknown-64bit","javascriptEnabled":true,"takesScreenshot":true,"handlesAlerts":false,"databaseEnabled":false,"locationContextEnabled":false,"applicationCacheEnabled":false,"browserConnectionEnabled":false,"cssSelectorsEnabled":true,"webStorageEnabled":false,"rotatable":false,"acceptSslCerts":false,"nativeEvents":true,"proxy":{"proxyType":"direct"}}
[INFO  - 2017-04-13T20:03:46.764Z] SessionManagerReqHand - _postNewSessionCommand - New Session Created: 4d96cd70-2084-11e7-8025-2555322c1c7d
[INFO  - 2017-04-13T20:04:12.341Z] GhostDriver - Main - running on port 8123
[INFO  - 2017-04-13T20:04:12.537Z] Session [5cf288e0-2084-11e7-9c3b-d5aaccbcfeef] - page.settings - {"XSSAuditingEnabled":false,"javascriptCanCloseWindows":true,"javascriptCanOpenWindows":true,"javascriptEnabled":true,"loadImages":true,"localToRemoteUrlAccessEnabled":false,"userAgent":"Mozilla/5.0 (Unknown; Linux x86_64) AppleWebKit/538.1 (KHTML, like Gecko) PhantomJS/2.1.1 Safari/538.1","webSecurityEnabled":true}
[INFO  - 2017-04-13T20:04:12.537Z] Session [5cf288e0-2084-11e7-9c3b-d5aaccbcfeef] - page.customHeaders:  - {}
[INFO  - 2017-04-13T20:04:12.537Z] Session [5cf288e0-2084-11e7-9c3b-d5aaccbcfeef] - Session.negotiatedCapabilities - {"browserName":"phantomjs","version":"2.1.1","driverName":"ghostdriver","driverVersion":"1.2.0","platform":"linux-unknown-64bit","javascriptEnabled":true,"takesScreenshot":true,"handlesAlerts":false,"databaseEnabled":false,"locationContextEnabled":false,"applicationCacheEnabled":false,"browserConnectionEnabled":false,"cssSelectorsEnabled":true,"webStorageEnabled":false,"rotatable":false,"acceptSslCerts":false,"nativeEvents":true,"proxy":{"proxyType":"direct"}}
[INFO  - 2017-04-13T20:04:12.537Z] SessionManagerReqHand - _postNewSessionCommand - New Session Created: 5cf288e0-2084-11e7-9c3b-d5aaccbcfeef
[INFO  - 2017-04-13T20:04:48.708Z] SessionManagerReqHand - _cleanupWindowlessSessions - Asynchronous Sessions clean-up phase starting NOW
[INFO  - 2017-04-13T20:06:02.245Z] GhostDriver - Main - running on port 12856
[INFO  - 2017-04-13T20:06:02.651Z] Session [9e953540-2084-11e7-a7e3-174545070d11] - page.settings - {"XSSAuditingEnabled":false,"javascriptCanCloseWindows":true,"javascriptCanOpenWindows":true,"javascriptEnabled":true,"loadImages":true,"localToRemoteUrlAccessEnabled":false,"userAgent":"Mozilla/5.0 (Unknown; Linux x86_64) AppleWebKit/538.1 (KHTML, like Gecko) PhantomJS/2.1.1 Safari/538.1","webSecurityEnabled":true}
[INFO  - 2017-04-13T20:06:02.654Z] Session [9e953540-2084-11e7-a7e3-174545070d11] - page.customHeaders:  - {}
[INFO  - 2017-04-13T20:06:02.654Z] Session [9e953540-2084-11e7-a7e3-174545070d11] - Session.negotiatedCapabilities - {"browserName":"phantomjs","version":"2.1.1","driverName":"ghostdriver","driverVersion":"1.2.0","platform":"linux-unknown-64bit","javascriptEnabled":true,"takesScreenshot":true,"handlesAlerts":false,"databaseEnabled":false,"locationContextEnabled":false,"applicationCacheEnabled":false,"browserConnectionEnabled":false,"cssSelectorsEnabled":true,"webStorageEnabled":false,"rotatable":false,"acceptSslCerts":false,"nativeEvents":true,"proxy":{"proxyType":"direct"}}
[INFO  - 2017-04-13T20:06:02.654Z] SessionManagerReqHand - _postNewSessionCommand - New Session Created: 9e953540-2084-11e7-a7e3-174545070d11
[INFO  - 2017-04-13T20:07:59.594Z] GhostDriver - Main - running on port 26459
[INFO  - 2017-04-13T20:07:59.796Z] Session [e4681dd0-2084-11e7-a0b3-71b4d3320ee7] - page.settings - {"XSSAuditingEnabled":false,"javascriptCanCloseWindows":true,"javascriptCanOpenWindows":true,"javascriptEnabled":true,"loadImages":true,"localToRemoteUrlAccessEnabled":false,"userAgent":"Mozilla/5.0 (Unknown; Linux x86_64) AppleWebKit/538.1 (KHTML, like Gecko) PhantomJS/2.1.1 Safari/538.1","webSecurityEnabled":true}
[INFO  - 2017-04-13T20:07:59.796Z] Session [e4681dd0-2084-11e7-a0b3-71b4d3320ee7] - page.customHeaders:  - {}
[INFO  - 2017-04-13T20:07:59.796Z] Session [e4681dd0-2084-11e7-a0b3-71b4d3320ee7] - Session.negotiatedCapabilities - {"browserName":"phantomjs","version":"2.1.1","driverName":"ghostdriver","driverVersion":"1.2.0","platform":"linux-unknown-64bit","javascriptEnabled":true,"takesScreenshot":true,"handlesAlerts":false,"databaseEnabled":false,"locationContextEnabled":false,"applicationCacheEnabled":false,"browserConnectionEnabled":false,"cssSelectorsEnabled":true,"webStorageEnabled":false,"rotatable":false,"acceptSslCerts":false,"nativeEvents":true,"proxy":{"proxyType":"direct"}}
[INFO  - 2017-04-13T20:07:59.796Z] SessionManagerReqHand - _postNewSessionCommand - New Session Created: e4681dd0-2084-11e7-a0b3-71b4d3320ee7
[INFO  - 2017-04-13T20:09:48.708Z] SessionManagerReqHand - _cleanupWindowlessSessions - Asynchronous Sessions clean-up phase starting NOW
[INFO  - 2017-04-13T20:11:13.360Z] GhostDriver - Main - running on port 25628
[INFO  - 2017-04-13T20:11:13.525Z] Session [57e14610-2085-11e7-ac76-576455c05b19] - page.settings - {"XSSAuditingEnabled":false,"javascriptCanCloseWindows":true,"javascriptCanOpenWindows":true,"javascriptEnabled":true,"loadImages":true,"localToRemoteUrlAccessEnabled":false,"userAgent":"Mozilla/5.0 (Unknown; Linux x86_64) AppleWebKit/538.1 (KHTML, like Gecko) PhantomJS/2.1.1 Safari/538.1","webSecurityEnabled":true}
[INFO  - 2017-04-13T20:11:13.526Z] Session [57e14610-2085-11e7-ac76-576455c05b19] - page.customHeaders:  - {}
[INFO  - 2017-04-13T20:11:13.526Z] Session [57e14610-2085-11e7-ac76-576455c05b19] - Session.negotiatedCapabilities - {"browserName":"phantomjs","version":"2.1.1","driverName":"ghostdriver","driverVersion":"1.2.0","platform":"linux-unknown-64bit","javascriptEnabled":true,"takesScreenshot":true,"handlesAlerts":false,"databaseEnabled":false,"locationContextEnabled":false,"applicationCacheEnabled":false,"browserConnectionEnabled":false,"cssSelectorsEnabled":true,"webStorageEnabled":false,"rotatable":false,"acceptSslCerts":false,"nativeEvents":true,"proxy":{"proxyType":"direct"}}
[INFO  - 2017-04-13T20:11:13.526Z] SessionManagerReqHand - _postNewSessionCommand - New Session Created: 57e14610-2085-11e7-ac76-576455c05b19
[INFO  - 2017-04-13T20:12:59.606Z] SessionManagerReqHand - _cleanupWindowlessSessions - Asynchronous Sessions clean-up phase starting NOW
[INFO  - 2017-04-13T20:12:59.606Z] SessionManagerReqHand - _cleanupWindowlessSessions - Deleted Session 'e4681dd0-2084-11e7-a0b3-71b4d3320ee7', because windowless
[INFO  - 2017-04-13T20:14:48.708Z] SessionManagerReqHand - _cleanupWindowlessSessions - Asynchronous Sessions clean-up phase starting NOW
[INFO  - 2017-04-13T20:16:13.359Z] SessionManagerReqHand - _cleanupWindowlessSessions - Asynchronous Sessions clean-up phase starting NOW
[INFO  - 2017-04-13T20:16:13.359Z] SessionManagerReqHand - _cleanupWindowlessSessions - Deleted Session '57e14610-2085-11e7-ac76-576455c05b19', because windowless
[INFO  - 2017-04-13T20:19:49.256Z] SessionManagerReqHand - _cleanupWindowlessSessions - Asynchronous Sessions clean-up phase starting NOW
[INFO  - 2017-04-13T20:24:49.256Z] SessionManagerReqHand - _cleanupWindowlessSessions - Asynchronous Sessions clean-up phase starting NOW
[INFO  - 2017-04-13T20:29:49.256Z] SessionManagerReqHand - _cleanupWindowlessSessions - Asynchronous Sessions clean-up phase starting NOW
[INFO  - 2017-04-13T20:34:49.256Z] SessionManagerReqHand - _cleanupWindowlessSessions - Asynchronous Sessions clean-up phase starting NOW
[INFO  - 2017-04-13T20:39:49.257Z] SessionManagerReqHand - _cleanupWindowlessSessions - Asynchronous Sessions clean-up phase starting NOW
[INFO  - 2017-04-13T20:44:49.257Z] SessionManagerReqHand - _cleanupWindowlessSessions - Asynchronous Sessions clean-up phase starting NOW
[INFO  - 2017-04-13T20:49:49.257Z] SessionManagerReqHand - _cleanupWindowlessSessions - Asynchronous Sessions clean-up phase starting NOW
[INFO  - 2017-04-13T20:54:49.257Z] SessionManagerReqHand - _cleanupWindowlessSessions - Asynchronous Sessions clean-up phase starting NOW
[INFO  - 2017-04-13T20:55:56.301Z] GhostDriver - Main - running on port 2571
[INFO  - 2017-04-13T20:55:56.648Z] Session [97250c20-208b-11e7-85a9-1f95ce266312] - page.settings - {"XSSAuditingEnabled":false,"javascriptCanCloseWindows":true,"javascriptCanOpenWindows":true,"javascriptEnabled":true,"loadImages":true,"localToRemoteUrlAccessEnabled":false,"userAgent":"Mozilla/5.0 (Unknown; Linux x86_64) AppleWebKit/538.1 (KHTML, like Gecko) PhantomJS/2.1.1 Safari/538.1","webSecurityEnabled":true}
[INFO  - 2017-04-13T20:55:56.649Z] Session [97250c20-208b-11e7-85a9-1f95ce266312] - page.customHeaders:  - {}
[INFO  - 2017-04-13T20:55:56.649Z] Session [97250c20-208b-11e7-85a9-1f95ce266312] - Session.negotiatedCapabilities - {"browserName":"phantomjs","version":"2.1.1","driverName":"ghostdriver","driverVersion":"1.2.0","platform":"linux-unknown-64bit","javascriptEnabled":true,"takesScreenshot":true,"handlesAlerts":false,"databaseEnabled":false,"locationContextEnabled":false,"applicationCacheEnabled":false,"browserConnectionEnabled":false,"cssSelectorsEnabled":true,"webStorageEnabled":false,"rotatable":false,"acceptSslCerts":false,"nativeEvents":true,"proxy":{"proxyType":"direct"}}
[INFO  - 2017-04-13T20:55:56.649Z] SessionManagerReqHand - _postNewSessionCommand - New Session Created: 97250c20-208b-11e7-85a9-1f95ce266312
[INFO  - 2017-04-13T20:57:50.234Z] GhostDriver - Main - running on port 15822
[INFO  - 2017-04-13T20:57:50.489Z] Session [daffa720-208b-11e7-9616-e9e7bc860b96] - page.settings - {"XSSAuditingEnabled":false,"javascriptCanCloseWindows":true,"javascriptCanOpenWindows":true,"javascriptEnabled":true,"loadImages":true,"localToRemoteUrlAccessEnabled":false,"userAgent":"Mozilla/5.0 (Unknown; Linux x86_64) AppleWebKit/538.1 (KHTML, like Gecko) PhantomJS/2.1.1 Safari/538.1","webSecurityEnabled":true}
[INFO  - 2017-04-13T20:57:50.489Z] Session [daffa720-208b-11e7-9616-e9e7bc860b96] - page.customHeaders:  - {}
[INFO  - 2017-04-13T20:57:50.489Z] Session [daffa720-208b-11e7-9616-e9e7bc860b96] - Session.negotiatedCapabilities - {"browserName":"phantomjs","version":"2.1.1","driverName":"ghostdriver","driverVersion":"1.2.0","platform":"linux-unknown-64bit","javascriptEnabled":true,"takesScreenshot":true,"handlesAlerts":false,"databaseEnabled":false,"locationContextEnabled":false,"applicationCacheEnabled":false,"browserConnectionEnabled":false,"cssSelectorsEnabled":true,"webStorageEnabled":false,"rotatable":false,"acceptSslCerts":false,"nativeEvents":true,"proxy":{"proxyType":"direct"}}
[INFO  - 2017-04-13T20:57:50.489Z] SessionManagerReqHand - _postNewSessionCommand - New Session Created: daffa720-208b-11e7-9616-e9e7bc860b96
[INFO  - 2017-04-13T20:59:49.257Z] SessionManagerReqHand - _cleanupWindowlessSessions - Asynchronous Sessions clean-up phase starting NOW
[INFO  - 2017-04-13T21:00:56.301Z] SessionManagerReqHand - _cleanupWindowlessSessions - Asynchronous Sessions clean-up phase starting NOW
[INFO  - 2017-04-13T21:01:28.532Z] GhostDriver - Main - running on port 23589
[INFO  - 2017-04-13T21:01:28.738Z] Session [5d15f5c0-208c-11e7-a043-d15656703d75] - page.settings - {"XSSAuditingEnabled":false,"javascriptCanCloseWindows":true,"javascriptCanOpenWindows":true,"javascriptEnabled":true,"loadImages":true,"localToRemoteUrlAccessEnabled":false,"userAgent":"Mozilla/5.0 (Unknown; Linux x86_64) AppleWebKit/538.1 (KHTML, like Gecko) PhantomJS/2.1.1 Safari/538.1","webSecurityEnabled":true}
[INFO  - 2017-04-13T21:01:28.739Z] Session [5d15f5c0-208c-11e7-a043-d15656703d75] - page.customHeaders:  - {}
[INFO  - 2017-04-13T21:01:28.739Z] Session [5d15f5c0-208c-11e7-a043-d15656703d75] - Session.negotiatedCapabilities - {"browserName":"phantomjs","version":"2.1.1","driverName":"ghostdriver","driverVersion":"1.2.0","platform":"linux-unknown-64bit","javascriptEnabled":true,"takesScreenshot":true,"handlesAlerts":false,"databaseEnabled":false,"locationContextEnabled":false,"applicationCacheEnabled":false,"browserConnectionEnabled":false,"cssSelectorsEnabled":true,"webStorageEnabled":false,"rotatable":false,"acceptSslCerts":false,"nativeEvents":true,"proxy":{"proxyType":"direct"}}
[INFO  - 2017-04-13T21:01:28.739Z] SessionManagerReqHand - _postNewSessionCommand - New Session Created: 5d15f5c0-208c-11e7-a043-d15656703d75
[INFO  - 2017-04-13T21:02:50.264Z] SessionManagerReqHand - _cleanupWindowlessSessions - Asynchronous Sessions clean-up phase starting NOW
[INFO  - 2017-04-13T21:02:50.265Z] SessionManagerReqHand - _cleanupWindowlessSessions - Deleted Session 'daffa720-208b-11e7-9616-e9e7bc860b96', because windowless
[INFO  - 2017-04-13T21:04:49.257Z] SessionManagerReqHand - _cleanupWindowlessSessions - Asynchronous Sessions clean-up phase starting NOW
[INFO  - 2017-04-13T21:05:56.305Z] SessionManagerReqHand - _cleanupWindowlessSessions - Asynchronous Sessions clean-up phase starting NOW
